<?xml version="1.0" encoding="UTF-8"?>
<!-- Generated by org.testng.reporters.JUnitReportReporter -->
<testsuite skipped="0" hostname="MSNWQSS278" name="example.Testing" tests="1" failures="0" timestamp="05 Apr 2019 20:57:56 GMT" time="0.701" errors="0">
  <testcase name="test" time="0.701" classname="example.Testing"/>
</testsuite> <!-- example.Testing -->
