<?xml version="1.0" encoding="UTF-8"?>
<!-- Generated by org.testng.reporters.JUnitReportReporter -->
<testsuite skipped="0" hostname="MSNWQSS278" name="example.Testing2" tests="1" failures="0" timestamp="09 Apr 2019 02:26:15 GMT" time="2.849" errors="0">
  <testcase name="test2" time="2.849" classname="example.Testing2"/>
</testsuite> <!-- example.Testing2 -->
