<?xml version="1.0" encoding="UTF-8"?>
<!-- Generated by org.testng.reporters.JUnitReportReporter -->
<testsuite skipped="0" hostname="MSNWQSS278" name="example.Testing1" tests="1" failures="0" timestamp="09 Apr 2019 15:44:20 GMT" time="2.737" errors="0">
  <testcase name="test1" time="2.737" classname="example.Testing1"/>
</testsuite> <!-- example.Testing1 -->
