<?xml version="1.0" encoding="UTF-8"?>
<!-- Generated by org.testng.reporters.JUnitReportReporter -->
<testsuite skipped="0" hostname="MSNWQSS278" name="example.Testing2" tests="1" failures="0" timestamp="09 Apr 2019 03:33:14 GMT" time="14.733" errors="0">
  <testcase name="test2" time="14.733" classname="example.Testing2"/>
</testsuite> <!-- example.Testing2 -->
